#
# There is insufficient memory for the Java Runtime Environment to continue.
# Native memory allocation (mmap) failed to map 16777216 bytes. Error detail: G1 virtual space
# Possible reasons:
#   The system is out of physical RAM or swap space
#   This process is running with CompressedOops enabled, and the Java Heap may be blocking the growth of the native heap
# Possible solutions:
#   Reduce memory load on the system
#   Increase physical memory or swap space
#   Check if swap backing store is full
#   Decrease Java heap size (-Xmx/-Xms)
#   Decrease number of Java threads
#   Decrease Java thread stack sizes (-Xss)
#   Set larger code cache with -XX:ReservedCodeCacheSize=
#   JVM is running with Unscaled Compressed Oops mode in which the Java heap is
#     placed in the first 4GB address space. The Java Heap base address is the
#     maximum limit for the native heap growth. Please use -XX:HeapBaseMinAddress
#     to set the Java Heap base and to place the Java Heap above 4GB virtual address.
# This output file may be truncated or incomplete.
#
#  Out of Memory Error (os_windows.cpp:3828), pid=15780, tid=11996
#
# JRE version: OpenJDK Runtime Environment (21.0.4) (build 21.0.4+-12508038-b607.1)
# Java VM: OpenJDK 64-Bit Server VM (21.0.4+-12508038-b607.1, mixed mode, tiered, compressed oops, compressed class ptrs, g1 gc, windows-amd64)
# No core dump will be written. Minidumps are not enabled by default on client versions of Windows
#

---------------  S U M M A R Y ------------

Command Line: --add-opens=java.base/java.util=ALL-UNNAMED --add-opens=java.base/java.lang=ALL-UNNAMED --add-opens=java.base/java.lang.invoke=ALL-UNNAMED --add-opens=java.prefs/java.util.prefs=ALL-UNNAMED --add-exports=jdk.compiler/com.sun.tools.javac.api=ALL-UNNAMED --add-exports=jdk.compiler/com.sun.tools.javac.util=ALL-UNNAMED --add-opens=java.base/java.nio.charset=ALL-UNNAMED --add-opens=java.base/java.net=ALL-UNNAMED --add-opens=java.base/java.util.concurrent.atomic=ALL-UNNAMED -Xmx2048m -Dfile.encoding=UTF-8 -Duser.country=IN -Duser.language=en -Duser.variant -javaagent:C:\Users\fqq7f\.gradle\wrapper\dists\gradle-8.10.2-bin\a04bxjujx95o3nb99gddekhwo\gradle-8.10.2\lib\agents\gradle-instrumentation-agent-8.10.2.jar org.gradle.launcher.daemon.bootstrap.GradleDaemon 8.10.2

Host: 13th Gen Intel(R) Core(TM) i5-1335U, 12 cores, 7G,  Windows 11 , 64 bit Build 22621 (10.0.22621.5124)
Time: Mon Apr 14 12:48:33 2025 India Standard Time elapsed time: 2.345711 seconds (0d 0h 0m 2s)

---------------  T H R E A D  ---------------

Current thread (0x000002aee60ca6b0):  VMThread "VM Thread"          [id=11996, stack(0x000000d058100000,0x000000d058200000) (1024K)]

Stack: [0x000000d058100000,0x000000d058200000]
Native frames: (J=compiled Java code, j=interpreted, Vv=VM code, C=native code)
V  [jvm.dll+0x6ce539]
V  [jvm.dll+0x85bf03]
V  [jvm.dll+0x85e45e]
V  [jvm.dll+0x85eb43]
V  [jvm.dll+0x27dd06]
V  [jvm.dll+0x6cada5]
V  [jvm.dll+0x6bf27a]
V  [jvm.dll+0x3541fb]
V  [jvm.dll+0x35be36]
V  [jvm.dll+0x3adbc6]
V  [jvm.dll+0x3ade98]
V  [jvm.dll+0x32691c]
V  [jvm.dll+0x3269a7]
V  [jvm.dll+0x36c78c]
V  [jvm.dll+0x36af3e]
V  [jvm.dll+0x326071]
V  [jvm.dll+0x36a650]
V  [jvm.dll+0x8648c8]
V  [jvm.dll+0x865c44]
V  [jvm.dll+0x866180]
V  [jvm.dll+0x866413]
V  [jvm.dll+0x804418]
V  [jvm.dll+0x6cce0d]
C  [ucrtbase.dll+0x29333]
C  [KERNEL32.DLL+0x1259d]
C  [ntdll.dll+0x5af38]

VM_Operation (0x000000d059bfaef0): G1CollectForAllocation, mode: safepoint, requested by thread 0x000002aeec2164f0


---------------  P R O C E S S  ---------------

Threads class SMR info:
_java_thread_list=0x000002aeec5e5980, length=25, elements={
0x000002aecc3705d0, 0x000002aee629b490, 0x000002aee629c2b0, 0x000002aee629d5c0,
0x000002aee6284060, 0x000002aee629dcf0, 0x000002aee62be9e0, 0x000002aee62c7780,
0x000002aee62c8220, 0x000002aee6373450, 0x000002aee674a0c0, 0x000002aee68acd30,
0x000002aeebfac450, 0x000002aeec08f4c0, 0x000002aeec1c6560, 0x000002aeec32da20,
0x000002aeec32e090, 0x000002aeec214420, 0x000002aeec2164f0, 0x000002aeec2157d0,
0x000002aeec213070, 0x000002aeec213700, 0x000002aeec213d90, 0x000002aeec215e60,
0x000002aeec215140
}

Java Threads: ( => current thread )
  0x000002aecc3705d0 JavaThread "main"                              [_thread_blocked, id=19340, stack(0x000000d057a00000,0x000000d057b00000) (1024K)]
  0x000002aee629b490 JavaThread "Reference Handler"          daemon [_thread_blocked, id=17904, stack(0x000000d058200000,0x000000d058300000) (1024K)]
  0x000002aee629c2b0 JavaThread "Finalizer"                  daemon [_thread_blocked, id=17508, stack(0x000000d058300000,0x000000d058400000) (1024K)]
  0x000002aee629d5c0 JavaThread "Signal Dispatcher"          daemon [_thread_blocked, id=7808, stack(0x000000d058400000,0x000000d058500000) (1024K)]
  0x000002aee6284060 JavaThread "Attach Listener"            daemon [_thread_blocked, id=14332, stack(0x000000d058500000,0x000000d058600000) (1024K)]
  0x000002aee629dcf0 JavaThread "Service Thread"             daemon [_thread_blocked, id=11304, stack(0x000000d058600000,0x000000d058700000) (1024K)]
  0x000002aee62be9e0 JavaThread "Monitor Deflation Thread"   daemon [_thread_blocked, id=24048, stack(0x000000d058700000,0x000000d058800000) (1024K)]
  0x000002aee62c7780 JavaThread "C2 CompilerThread0"         daemon [_thread_blocked, id=26720, stack(0x000000d058800000,0x000000d058900000) (1024K)]
  0x000002aee62c8220 JavaThread "C1 CompilerThread0"         daemon [_thread_blocked, id=22092, stack(0x000000d058900000,0x000000d058a00000) (1024K)]
  0x000002aee6373450 JavaThread "Common-Cleaner"             daemon [_thread_blocked, id=27640, stack(0x000000d058a00000,0x000000d058b00000) (1024K)]
  0x000002aee674a0c0 JavaThread "Notification Thread"        daemon [_thread_blocked, id=24500, stack(0x000000d058b00000,0x000000d058c00000) (1024K)]
  0x000002aee68acd30 JavaThread "C2 CompilerThread1"         daemon [_thread_blocked, id=3156, stack(0x000000d058c00000,0x000000d058d00000) (1024K)]
  0x000002aeebfac450 JavaThread "Daemon health stats"               [_thread_blocked, id=24372, stack(0x000000d059100000,0x000000d059200000) (1024K)]
  0x000002aeec08f4c0 JavaThread "Incoming local TCP Connector on port 59014"        [_thread_in_native, id=13956, stack(0x000000d059600000,0x000000d059700000) (1024K)]
  0x000002aeec1c6560 JavaThread "Daemon periodic checks"            [_thread_blocked, id=19812, stack(0x000000d059700000,0x000000d059800000) (1024K)]
  0x000002aeec32da20 JavaThread "Daemon"                            [_thread_blocked, id=10992, stack(0x000000d059800000,0x000000d059900000) (1024K)]
  0x000002aeec32e090 JavaThread "Handler for socket connection from /127.0.0.1:59014 to /127.0.0.1:59015"        [_thread_in_native, id=10680, stack(0x000000d059900000,0x000000d059a00000) (1024K)]
  0x000002aeec214420 JavaThread "Cancel handler"                    [_thread_blocked, id=27028, stack(0x000000d059a00000,0x000000d059b00000) (1024K)]
  0x000002aeec2164f0 JavaThread "Daemon worker"                     [_thread_blocked, id=11688, stack(0x000000d059b00000,0x000000d059c00000) (1024K)]
  0x000002aeec2157d0 JavaThread "Asynchronous log dispatcher for DefaultDaemonConnection: socket connection from /127.0.0.1:59014 to /127.0.0.1:59015"        [_thread_blocked, id=18116, stack(0x000000d059c00000,0x000000d059d00000) (1024K)]
  0x000002aeec213070 JavaThread "Stdin handler"                     [_thread_blocked, id=8992, stack(0x000000d059d00000,0x000000d059e00000) (1024K)]
  0x000002aeec213700 JavaThread "Daemon client event forwarder"        [_thread_blocked, id=13388, stack(0x000000d059e00000,0x000000d059f00000) (1024K)]
  0x000002aeec213d90 JavaThread "Cache worker for journal cache (C:\Users\fqq7f\.gradle\caches\journal-1)"        [_thread_blocked, id=11524, stack(0x000000d05a200000,0x000000d05a300000) (1024K)]
  0x000002aeec215e60 JavaThread "File lock request listener"        [_thread_in_native, id=13960, stack(0x000000d05a300000,0x000000d05a400000) (1024K)]
  0x000002aeec215140 JavaThread "Cache worker for file hash cache (C:\Users\fqq7f\.gradle\caches\8.10.2\fileHashes)"        [_thread_blocked, id=13652, stack(0x000000d05a400000,0x000000d05a500000) (1024K)]
Total: 25

Other Threads:
=>0x000002aee60ca6b0 VMThread "VM Thread"                           [id=11996, stack(0x000000d058100000,0x000000d058200000) (1024K)]
  0x000002aee606a7d0 WatcherThread "VM Periodic Task Thread"        [id=10592, stack(0x000000d058000000,0x000000d058100000) (1024K)]
  0x000002aece613ad0 WorkerThread "GC Thread#0"                     [id=7132, stack(0x000000d057b00000,0x000000d057c00000) (1024K)]
  0x000002aee68ac920 WorkerThread "GC Thread#1"                     [id=9180, stack(0x000000d058d00000,0x000000d058e00000) (1024K)]
  0x000002aee6ddfbc0 WorkerThread "GC Thread#2"                     [id=8816, stack(0x000000d058e00000,0x000000d058f00000) (1024K)]
  0x000002aeeb3741e0 WorkerThread "GC Thread#3"                     [id=22252, stack(0x000000d058f00000,0x000000d059000000) (1024K)]
  0x000002aeeb36fa50 WorkerThread "GC Thread#4"                     [id=8980, stack(0x000000d059000000,0x000000d059100000) (1024K)]
  0x000002aeec1b69c0 WorkerThread "GC Thread#5"                     [id=3220, stack(0x000000d059200000,0x000000d059300000) (1024K)]
  0x000002aeec1b6d60 WorkerThread "GC Thread#6"                     [id=22132, stack(0x000000d059300000,0x000000d059400000) (1024K)]
  0x000002aeec06d510 WorkerThread "GC Thread#7"                     [id=10388, stack(0x000000d059400000,0x000000d059500000) (1024K)]
  0x000002aeec06ca30 WorkerThread "GC Thread#8"                     [id=9468, stack(0x000000d059500000,0x000000d059600000) (1024K)]
  0x000002aeec06e390 WorkerThread "GC Thread#9"                     [id=23412, stack(0x000000d059f00000,0x000000d05a000000) (1024K)]
  0x000002aece624c20 ConcurrentGCThread "G1 Main Marker"            [id=4132, stack(0x000000d057c00000,0x000000d057d00000) (1024K)]
  0x000002aece625720 WorkerThread "G1 Conc#0"                       [id=12260, stack(0x000000d057d00000,0x000000d057e00000) (1024K)]
  0x000002aeec06cdd0 WorkerThread "G1 Conc#1"                       [id=9448, stack(0x000000d05a000000,0x000000d05a100000) (1024K)]
  0x000002aeec06d170 WorkerThread "G1 Conc#2"                       [id=3020, stack(0x000000d05a100000,0x000000d05a200000) (1024K)]
  0x000002aee5f3e950 ConcurrentGCThread "G1 Refine#0"               [id=18676, stack(0x000000d057e00000,0x000000d057f00000) (1024K)]
  0x000002aee5f3f170 ConcurrentGCThread "G1 Service"                [id=22952, stack(0x000000d057f00000,0x000000d058000000) (1024K)]
Total: 18

Threads with active compile tasks:
Total: 0

VM state: at safepoint (normal execution)

VM Mutex/Monitor currently owned by a thread:  ([mutex/lock_event])
[0x00007ffc758372f8] Threads_lock - owner thread: 0x000002aee60ca6b0
[0x00007ffc758373f8] Heap_lock - owner thread: 0x000002aeec2164f0

Heap address: 0x0000000080000000, size: 2048 MB, Compressed Oops mode: 32-bit

CDS archive(s) not mapped
Compressed class space mapped at: 0x0000000100000000-0x0000000140000000, reserved size: 1073741824
Narrow klass base: 0x0000000000000000, Narrow klass shift: 3, Narrow klass range: 0x140000000

GC Precious Log:
 CardTable entry size: 512
 Card Set container configuration: InlinePtr #cards 5 size 8 Array Of Cards #cards 12 size 40 Howl #buckets 4 coarsen threshold 1843 Howl Bitmap #cards 512 size 80 coarsen threshold 460 Card regions per heap region 1 cards per card region 2048
 CPUs: 12 total, 12 available
 Memory: 7876M
 Large Page Support: Disabled
 NUMA Support: Disabled
 Compressed Oops: Enabled (32-bit)
 Heap Region Size: 1M
 Heap Min Capacity: 8M
 Heap Initial Capacity: 124M
 Heap Max Capacity: 2G
 Pre-touch: Disabled
 Parallel Workers: 10
 Concurrent Workers: 3
 Concurrent Refinement Workers: 10
 Periodic GC: Disabled

Heap:
 garbage-first heap   total 80896K, used 24218K [0x0000000080000000, 0x0000000100000000)
  region size 1024K, 5 young (5120K), 5 survivors (5120K)
 Metaspace       used 29885K, committed 30464K, reserved 1114112K
  class space    used 3827K, committed 4096K, reserved 1048576K

Heap Regions: E=young(eden), S=young(survivor), O=old, HS=humongous(starts), HC=humongous(continues), CS=collection set, F=free, TAMS=top-at-mark-start, PB=parsable bottom
|   0|0x0000000080000000, 0x0000000080100000, 0x0000000080100000|100%| O|  |TAMS 0x0000000080000000| PB 0x0000000080000000| Untracked 
|   1|0x0000000080100000, 0x0000000080200000, 0x0000000080200000|100%| O|  |TAMS 0x0000000080100000| PB 0x0000000080100000| Untracked 
|   2|0x0000000080200000, 0x0000000080300000, 0x0000000080300000|100%|HS|  |TAMS 0x0000000080200000| PB 0x0000000080200000| Complete 
|   3|0x0000000080300000, 0x0000000080400000, 0x0000000080400000|100%|HC|  |TAMS 0x0000000080300000| PB 0x0000000080300000| Complete 
|   4|0x0000000080400000, 0x0000000080500000, 0x0000000080500000|100%|HC|  |TAMS 0x0000000080400000| PB 0x0000000080400000| Complete 
|   5|0x0000000080500000, 0x0000000080600000, 0x0000000080600000|100%|HC|  |TAMS 0x0000000080500000| PB 0x0000000080500000| Complete 
|   6|0x0000000080600000, 0x0000000080700000, 0x0000000080700000|100%| O|  |TAMS 0x0000000080600000| PB 0x0000000080600000| Untracked 
|   7|0x0000000080700000, 0x0000000080800000, 0x0000000080800000|100%| O|  |TAMS 0x0000000080700000| PB 0x0000000080700000| Untracked 
|   8|0x0000000080800000, 0x0000000080900000, 0x0000000080900000|100%| O|  |TAMS 0x0000000080800000| PB 0x0000000080800000| Untracked 
|   9|0x0000000080900000, 0x0000000080a00000, 0x0000000080a00000|100%|HS|  |TAMS 0x0000000080900000| PB 0x0000000080900000| Complete 
|  10|0x0000000080a00000, 0x0000000080b00000, 0x0000000080b00000|100%| O|  |TAMS 0x0000000080a00000| PB 0x0000000080a00000| Untracked 
|  11|0x0000000080b00000, 0x0000000080c00000, 0x0000000080c00000|100%| O|  |TAMS 0x0000000080b00000| PB 0x0000000080b00000| Untracked 
|  12|0x0000000080c00000, 0x0000000080d00000, 0x0000000080d00000|100%| O|  |TAMS 0x0000000080c00000| PB 0x0000000080c00000| Untracked 
|  13|0x0000000080d00000, 0x0000000080e00000, 0x0000000080e00000|100%| O|  |TAMS 0x0000000080d00000| PB 0x0000000080d00000| Untracked 
|  14|0x0000000080e00000, 0x0000000080f00000, 0x0000000080f00000|100%| O|  |TAMS 0x0000000080e00000| PB 0x0000000080e00000| Untracked 
|  15|0x0000000080f00000, 0x0000000081000000, 0x0000000081000000|100%| O|  |TAMS 0x0000000080f00000| PB 0x0000000080f00000| Untracked 
|  16|0x0000000081000000, 0x0000000081100000, 0x0000000081100000|100%| O|  |TAMS 0x0000000081000000| PB 0x0000000081000000| Untracked 
|  17|0x0000000081100000, 0x0000000081200000, 0x0000000081200000|100%| O|  |TAMS 0x0000000081100000| PB 0x0000000081100000| Untracked 
|  18|0x0000000081200000, 0x00000000812b6478, 0x0000000081300000| 71%| O|Cm|TAMS 0x0000000081200000| PB 0x0000000081200000| Complete 
|  19|0x0000000081300000, 0x0000000081300000, 0x0000000081400000|  0%| F|  |TAMS 0x0000000081300000| PB 0x0000000081300000| Untracked 
|  20|0x0000000081400000, 0x0000000081400000, 0x0000000081500000|  0%| F|  |TAMS 0x0000000081400000| PB 0x0000000081400000| Untracked 
|  21|0x0000000081500000, 0x0000000081500000, 0x0000000081600000|  0%| F|  |TAMS 0x0000000081500000| PB 0x0000000081500000| Untracked 
|  22|0x0000000081600000, 0x0000000081600000, 0x0000000081700000|  0%| F|  |TAMS 0x0000000081600000| PB 0x0000000081600000| Untracked 
|  23|0x0000000081700000, 0x0000000081700000, 0x0000000081800000|  0%| F|  |TAMS 0x0000000081700000| PB 0x0000000081700000| Untracked 
|  24|0x0000000081800000, 0x0000000081800000, 0x0000000081900000|  0%| F|  |TAMS 0x0000000081800000| PB 0x0000000081800000| Untracked 
|  25|0x0000000081900000, 0x0000000081900000, 0x0000000081a00000|  0%| F|  |TAMS 0x0000000081900000| PB 0x0000000081900000| Untracked 
|  26|0x0000000081a00000, 0x0000000081a00000, 0x0000000081b00000|  0%| F|  |TAMS 0x0000000081a00000| PB 0x0000000081a00000| Untracked 
|  27|0x0000000081b00000, 0x0000000081b00000, 0x0000000081c00000|  0%| F|  |TAMS 0x0000000081b00000| PB 0x0000000081b00000| Untracked 
|  28|0x0000000081c00000, 0x0000000081c00000, 0x0000000081d00000|  0%| F|  |TAMS 0x0000000081c00000| PB 0x0000000081c00000| Untracked 
|  29|0x0000000081d00000, 0x0000000081d00000, 0x0000000081e00000|  0%| F|  |TAMS 0x0000000081d00000| PB 0x0000000081d00000| Untracked 
|  30|0x0000000081e00000, 0x0000000081e00000, 0x0000000081f00000|  0%| F|  |TAMS 0x0000000081e00000| PB 0x0000000081e00000| Untracked 
|  31|0x0000000081f00000, 0x0000000081f00000, 0x0000000082000000|  0%| F|  |TAMS 0x0000000081f00000| PB 0x0000000081f00000| Untracked 
|  32|0x0000000082000000, 0x0000000082000000, 0x0000000082100000|  0%| F|  |TAMS 0x0000000082000000| PB 0x0000000082000000| Untracked 
|  33|0x0000000082100000, 0x0000000082100000, 0x0000000082200000|  0%| F|  |TAMS 0x0000000082100000| PB 0x0000000082100000| Untracked 
|  34|0x0000000082200000, 0x0000000082200000, 0x0000000082300000|  0%| F|  |TAMS 0x0000000082200000| PB 0x0000000082200000| Untracked 
|  35|0x0000000082300000, 0x0000000082300000, 0x0000000082400000|  0%| F|  |TAMS 0x0000000082300000| PB 0x0000000082300000| Untracked 
|  36|0x0000000082400000, 0x0000000082400000, 0x0000000082500000|  0%| F|  |TAMS 0x0000000082400000| PB 0x0000000082400000| Untracked 
|  37|0x0000000082500000, 0x0000000082500000, 0x0000000082600000|  0%| F|  |TAMS 0x0000000082500000| PB 0x0000000082500000| Untracked 
|  38|0x0000000082600000, 0x0000000082600000, 0x0000000082700000|  0%| F|  |TAMS 0x0000000082600000| PB 0x0000000082600000| Untracked 
|  39|0x0000000082700000, 0x0000000082700000, 0x0000000082800000|  0%| F|  |TAMS 0x0000000082700000| PB 0x0000000082700000| Untracked 
|  40|0x0000000082800000, 0x0000000082800000, 0x0000000082900000|  0%| F|  |TAMS 0x0000000082800000| PB 0x0000000082800000| Untracked 
|  41|0x0000000082900000, 0x0000000082900000, 0x0000000082a00000|  0%| F|  |TAMS 0x0000000082900000| PB 0x0000000082900000| Untracked 
|  42|0x0000000082a00000, 0x0000000082a00000, 0x0000000082b00000|  0%| F|  |TAMS 0x0000000082a00000| PB 0x0000000082a00000| Untracked 
|  43|0x0000000082b00000, 0x0000000082b00000, 0x0000000082c00000|  0%| F|  |TAMS 0x0000000082b00000| PB 0x0000000082b00000| Untracked 
|  44|0x0000000082c00000, 0x0000000082c00000, 0x0000000082d00000|  0%| F|  |TAMS 0x0000000082c00000| PB 0x0000000082c00000| Untracked 
|  45|0x0000000082d00000, 0x0000000082d00000, 0x0000000082e00000|  0%| F|  |TAMS 0x0000000082d00000| PB 0x0000000082d00000| Untracked 
|  46|0x0000000082e00000, 0x0000000082e00000, 0x0000000082f00000|  0%| F|  |TAMS 0x0000000082e00000| PB 0x0000000082e00000| Untracked 
|  47|0x0000000082f00000, 0x0000000082f00000, 0x0000000083000000|  0%| F|  |TAMS 0x0000000082f00000| PB 0x0000000082f00000| Untracked 
|  48|0x0000000083000000, 0x0000000083000000, 0x0000000083100000|  0%| F|  |TAMS 0x0000000083000000| PB 0x0000000083000000| Untracked 
|  49|0x0000000083100000, 0x0000000083100000, 0x0000000083200000|  0%| F|  |TAMS 0x0000000083100000| PB 0x0000000083100000| Untracked 
|  50|0x0000000083200000, 0x0000000083200000, 0x0000000083300000|  0%| F|  |TAMS 0x0000000083200000| PB 0x0000000083200000| Untracked 
|  51|0x0000000083300000, 0x0000000083300000, 0x0000000083400000|  0%| F|  |TAMS 0x0000000083300000| PB 0x0000000083300000| Untracked 
|  52|0x0000000083400000, 0x0000000083400000, 0x0000000083500000|  0%| F|  |TAMS 0x0000000083400000| PB 0x0000000083400000| Untracked 
|  53|0x0000000083500000, 0x0000000083500000, 0x0000000083600000|  0%| F|  |TAMS 0x0000000083500000| PB 0x0000000083500000| Untracked 
|  54|0x0000000083600000, 0x0000000083600000, 0x0000000083700000|  0%| F|  |TAMS 0x0000000083600000| PB 0x0000000083600000| Untracked 
|  55|0x0000000083700000, 0x0000000083700000, 0x0000000083800000|  0%| F|  |TAMS 0x0000000083700000| PB 0x0000000083700000| Untracked 
|  56|0x0000000083800000, 0x0000000083800000, 0x0000000083900000|  0%| F|  |TAMS 0x0000000083800000| PB 0x0000000083800000| Untracked 
|  57|0x0000000083900000, 0x0000000083900000, 0x0000000083a00000|  0%| F|  |TAMS 0x0000000083900000| PB 0x0000000083900000| Untracked 
|  58|0x0000000083a00000, 0x0000000083a00000, 0x0000000083b00000|  0%| F|  |TAMS 0x0000000083a00000| PB 0x0000000083a00000| Untracked 
|  59|0x0000000083b00000, 0x0000000083b00000, 0x0000000083c00000|  0%| F|  |TAMS 0x0000000083b00000| PB 0x0000000083b00000| Untracked 
|  60|0x0000000083c00000, 0x0000000083c00000, 0x0000000083d00000|  0%| F|  |TAMS 0x0000000083c00000| PB 0x0000000083c00000| Untracked 
|  61|0x0000000083d00000, 0x0000000083d00000, 0x0000000083e00000|  0%| F|  |TAMS 0x0000000083d00000| PB 0x0000000083d00000| Untracked 
|  62|0x0000000083e00000, 0x0000000083e00000, 0x0000000083f00000|  0%| F|  |TAMS 0x0000000083e00000| PB 0x0000000083e00000| Untracked 
|  63|0x0000000083f00000, 0x0000000083f00000, 0x0000000084000000|  0%| F|  |TAMS 0x0000000083f00000| PB 0x0000000083f00000| Untracked 
|  64|0x0000000084000000, 0x0000000084000000, 0x0000000084100000|  0%| F|  |TAMS 0x0000000084000000| PB 0x0000000084000000| Untracked 
|  65|0x0000000084100000, 0x0000000084100000, 0x0000000084200000|  0%| F|  |TAMS 0x0000000084100000| PB 0x0000000084100000| Untracked 
|  66|0x0000000084200000, 0x0000000084200000, 0x0000000084300000|  0%| F|  |TAMS 0x0000000084200000| PB 0x0000000084200000| Untracked 
|  67|0x0000000084300000, 0x0000000084300000, 0x0000000084400000|  0%| F|  |TAMS 0x0000000084300000| PB 0x0000000084300000| Untracked 
|  68|0x0000000084400000, 0x0000000084400000, 0x0000000084500000|  0%| F|  |TAMS 0x0000000084400000| PB 0x0000000084400000| Untracked 
|  69|0x0000000084500000, 0x0000000084500000, 0x0000000084600000|  0%| F|  |TAMS 0x0000000084500000| PB 0x0000000084500000| Untracked 
|  70|0x0000000084600000, 0x0000000084700000, 0x0000000084700000|100%| S|CS|TAMS 0x0000000084600000| PB 0x0000000084600000| Complete 
|  71|0x0000000084700000, 0x0000000084800000, 0x0000000084800000|100%| S|CS|TAMS 0x0000000084700000| PB 0x0000000084700000| Complete 
|  72|0x0000000084800000, 0x0000000084900000, 0x0000000084900000|100%| S|CS|TAMS 0x0000000084800000| PB 0x0000000084800000| Complete 
|  73|0x0000000084900000, 0x0000000084a00000, 0x0000000084a00000|100%| S|CS|TAMS 0x0000000084900000| PB 0x0000000084900000| Complete 
|  74|0x0000000084a00000, 0x0000000084af0488, 0x0000000084b00000| 93%| S|CS|TAMS 0x0000000084a00000| PB 0x0000000084a00000| Complete 
| 107|0x0000000086b00000, 0x0000000086b00000, 0x0000000086c00000|  0%| F|  |TAMS 0x0000000086b00000| PB 0x0000000086b00000| Untracked 
| 108|0x0000000086c00000, 0x0000000086c00000, 0x0000000086d00000|  0%| F|  |TAMS 0x0000000086c00000| PB 0x0000000086c00000| Untracked 
| 109|0x0000000086d00000, 0x0000000086d00000, 0x0000000086e00000|  0%| F|  |TAMS 0x0000000086d00000| PB 0x0000000086d00000| Untracked 
| 123|0x0000000087b00000, 0x0000000087b00000, 0x0000000087c00000|  0%| F|  |TAMS 0x0000000087b00000| PB 0x0000000087b00000| Untracked 

Card table byte_map: [0x000002aee1050000,0x000002aee1450000] _byte_map_base: 0x000002aee0c50000

Marking Bits: (CMBitMap*) 0x000002aece6141d0
 Bits: [0x000002aee1450000, 0x000002aee3450000)

Polling page: 0x000002aecc530000

Metaspace:

Usage:
  Non-class:     25.45 MB used.
      Class:      3.74 MB used.
       Both:     29.19 MB used.

Virtual space:
  Non-class space:       64.00 MB reserved,      25.75 MB ( 40%) committed,  1 nodes.
      Class space:        1.00 GB reserved,       4.00 MB ( <1%) committed,  1 nodes.
             Both:        1.06 GB reserved,      29.75 MB (  3%) committed. 

Chunk freelists:
   Non-Class:  6.08 MB
       Class:  12.03 MB
        Both:  18.11 MB

MaxMetaspaceSize: unlimited
CompressedClassSpaceSize: 1.00 GB
Initial GC threshold: 21.00 MB
Current GC threshold: 35.12 MB
CDS: off
 - commit_granule_bytes: 65536.
 - commit_granule_words: 8192.
 - virtual_space_node_default_size: 8388608.
 - enlarge_chunks_in_place: 1.
 - use_allocation_guard: 0.


Internal statistics:

num_allocs_failed_limit: 3.
num_arena_births: 852.
num_arena_deaths: 0.
num_vsnodes_births: 2.
num_vsnodes_deaths: 0.
num_space_committed: 476.
num_space_uncommitted: 0.
num_chunks_returned_to_freelist: 3.
num_chunks_taken_from_freelist: 1670.
num_chunk_merges: 3.
num_chunk_splits: 1064.
num_chunks_enlarged: 699.
num_inconsistent_stats: 0.

CodeHeap 'non-profiled nmethods': size=120000Kb used=1656Kb max_used=1656Kb free=118343Kb
 bounds [0x000002aed91d0000, 0x000002aed9440000, 0x000002aee0700000]
CodeHeap 'profiled nmethods': size=120000Kb used=5799Kb max_used=5799Kb free=114200Kb
 bounds [0x000002aed1700000, 0x000002aed1cb0000, 0x000002aed8c30000]
CodeHeap 'non-nmethods': size=5760Kb used=1476Kb max_used=1518Kb free=4283Kb
 bounds [0x000002aed8c30000, 0x000002aed8ea0000, 0x000002aed91d0000]
 total_blobs=3495 nmethods=2922 adapters=477
 compilation: enabled
              stopped_count=0, restarted_count=0
 full_count=0

Compilation events (20 events):
Event: 2.307 Thread 0x000002aee62c8220 nmethod 2908 0x000002aed1ca4c10 code [0x000002aed1ca4da0, 0x000002aed1ca4ed8]
Event: 2.307 Thread 0x000002aee62c8220 2911       3       java.lang.invoke.InvokerBytecodeGenerator::emitReturn (107 bytes)
Event: 2.307 Thread 0x000002aee62c8220 nmethod 2911 0x000002aed1ca4f90 code [0x000002aed1ca51a0, 0x000002aed1ca5660]
Event: 2.309 Thread 0x000002aee62c7780 nmethod 2906 0x000002aed936c190 code [0x000002aed936c340, 0x000002aed936c770]
Event: 2.318 Thread 0x000002aee62c8220 2912       3       java.lang.invoke.LambdaForm$MH/0x000000010018c000::invoke (42 bytes)
Event: 2.318 Thread 0x000002aee62c8220 nmethod 2912 0x000002aed1ca5890 code [0x000002aed1ca5b00, 0x000002aed1ca6798]
Event: 2.319 Thread 0x000002aee62c8220 2913       3       org.gradle.internal.service.DefaultServiceRegistry$FactoryMethodService::<init> (17 bytes)
Event: 2.319 Thread 0x000002aee62c8220 nmethod 2913 0x000002aed1ca6c10 code [0x000002aed1ca6dc0, 0x000002aed1ca6f88]
Event: 2.319 Thread 0x000002aee62c8220 2914       3       org.gradle.internal.service.DefaultServiceRegistry$FactoryMethodService::serviceTypesOf (42 bytes)
Event: 2.319 Thread 0x000002aee62c8220 nmethod 2914 0x000002aed1ca7090 code [0x000002aed1ca7380, 0x000002aed1ca83e8]
Event: 2.319 Thread 0x000002aee62c8220 2915   !   3       jdk.proxy1.$Proxy2::value (29 bytes)
Event: 2.319 Thread 0x000002aee62c8220 nmethod 2915 0x000002aed1ca8990 code [0x000002aed1ca8b60, 0x000002aed1ca8f40]
Event: 2.319 Thread 0x000002aee62c8220 2916       3       org.gradle.internal.service.DefaultServiceRegistry$FactoryMethodService::<init> (34 bytes)
Event: 2.320 Thread 0x000002aee62c8220 nmethod 2916 0x000002aed1ca9110 code [0x000002aed1ca92e0, 0x000002aed1ca9738]
Event: 2.320 Thread 0x000002aee68acd30 2917       4       java.io.WinNTFileSystem::prefixLength (91 bytes)
Event: 2.322 Thread 0x000002aee68acd30 nmethod 2917 0x000002aed936c910 code [0x000002aed936cae0, 0x000002aed936ce60]
Event: 2.327 Thread 0x000002aee68acd30 2920       4       java.nio.HeapByteBuffer::getShort (29 bytes)
Event: 2.327 Thread 0x000002aee62c8220 2921       3       jdk.internal.reflect.ConstantPool::getIntAt (10 bytes)
Event: 2.327 Thread 0x000002aee62c8220 nmethod 2921 0x000002aed1ca9990 code [0x000002aed1ca9b40, 0x000002aed1ca9c88]
Event: 2.328 Thread 0x000002aee68acd30 nmethod 2920 0x000002aed936dc10 code [0x000002aed936dda0, 0x000002aed936ded0]

GC Heap History (9 events):
Event: 0.334 GC heap before
{Heap before GC invocations=0 (full 0):
 garbage-first heap   total 126976K, used 22528K [0x0000000080000000, 0x0000000100000000)
  region size 1024K, 23 young (23552K), 0 survivors (0K)
 Metaspace       used 7992K, committed 8128K, reserved 1114112K
  class space    used 712K, committed 768K, reserved 1048576K
}
Event: 0.338 GC heap after
{Heap after GC invocations=1 (full 0):
 garbage-first heap   total 126976K, used 5009K [0x0000000080000000, 0x0000000100000000)
  region size 1024K, 3 young (3072K), 3 survivors (3072K)
 Metaspace       used 7992K, committed 8128K, reserved 1114112K
  class space    used 712K, committed 768K, reserved 1048576K
}
Event: 0.777 GC heap before
{Heap before GC invocations=1 (full 0):
 garbage-first heap   total 126976K, used 40849K [0x0000000080000000, 0x0000000100000000)
  region size 1024K, 35 young (35840K), 3 survivors (3072K)
 Metaspace       used 12096K, committed 12288K, reserved 1114112K
  class space    used 1278K, committed 1408K, reserved 1048576K
}
Event: 0.783 GC heap after
{Heap after GC invocations=2 (full 0):
 garbage-first heap   total 126976K, used 12222K [0x0000000080000000, 0x0000000100000000)
  region size 1024K, 4 young (4096K), 4 survivors (4096K)
 Metaspace       used 12096K, committed 12288K, reserved 1114112K
  class space    used 1278K, committed 1408K, reserved 1048576K
}
Event: 1.196 GC heap before
{Heap before GC invocations=2 (full 0):
 garbage-first heap   total 126976K, used 68542K [0x0000000080000000, 0x0000000100000000)
  region size 1024K, 57 young (58368K), 4 survivors (4096K)
 Metaspace       used 17099K, committed 17344K, reserved 1114112K
  class space    used 1948K, committed 2048K, reserved 1048576K
}
Event: 1.203 GC heap after
{Heap after GC invocations=3 (full 0):
 garbage-first heap   total 126976K, used 19019K [0x0000000080000000, 0x0000000100000000)
  region size 1024K, 8 young (8192K), 8 survivors (8192K)
 Metaspace       used 17099K, committed 17344K, reserved 1114112K
  class space    used 1948K, committed 2048K, reserved 1048576K
}
Event: 1.467 GC heap before
{Heap before GC invocations=3 (full 0):
 garbage-first heap   total 126976K, used 31307K [0x0000000080000000, 0x0000000100000000)
  region size 1024K, 22 young (22528K), 8 survivors (8192K)
 Metaspace       used 21209K, committed 21504K, reserved 1114112K
  class space    used 2439K, committed 2624K, reserved 1048576K
}
Event: 1.472 GC heap after
{Heap after GC invocations=4 (full 0):
 garbage-first heap   total 126976K, used 21409K [0x0000000080000000, 0x0000000100000000)
  region size 1024K, 3 young (3072K), 3 survivors (3072K)
 Metaspace       used 21209K, committed 21504K, reserved 1114112K
  class space    used 2439K, committed 2624K, reserved 1048576K
}
Event: 2.338 GC heap before
{Heap before GC invocations=5 (full 0):
 garbage-first heap   total 75776K, used 74657K [0x0000000080000000, 0x0000000100000000)
  region size 1024K, 55 young (56320K), 3 survivors (3072K)
 Metaspace       used 29885K, committed 30464K, reserved 1114112K
  class space    used 3827K, committed 4096K, reserved 1048576K
}

Dll operation events (3 events):
Event: 0.013 Loaded shared library C:\Program Files\Android\Android Studio1\jbr\bin\java.dll
Event: 0.019 Loaded shared library C:\Program Files\Android\Android Studio1\jbr\bin\zip.dll
Event: 0.364 Loaded shared library C:\Program Files\Android\Android Studio1\jbr\bin\verify.dll

Deoptimization events (20 events):
Event: 1.863 Thread 0x000002aeec2164f0 DEOPT PACKING pc=0x000002aed925e998 sp=0x000000d059bfb710
Event: 1.863 Thread 0x000002aeec2164f0 DEOPT UNPACKING pc=0x000002aed8c846a2 sp=0x000000d059bfb6e0 mode 2
Event: 1.923 Thread 0x000002aeec2164f0 DEOPT PACKING pc=0x000002aed1824cfc sp=0x000000d059bfba80
Event: 1.923 Thread 0x000002aeec2164f0 DEOPT UNPACKING pc=0x000002aed8c84e42 sp=0x000000d059bfaeb8 mode 0
Event: 1.928 Thread 0x000002aeec2164f0 Uncommon trap: trap_request=0xffffff45 fr.pc=0x000002aed91f5e90 relative=0x00000000000000f0
Event: 1.928 Thread 0x000002aeec2164f0 Uncommon trap: reason=unstable_if action=reinterpret pc=0x000002aed91f5e90 method=java.util.HashMap.hash(Ljava/lang/Object;)I @ 1 c2
Event: 1.928 Thread 0x000002aeec2164f0 DEOPT PACKING pc=0x000002aed91f5e90 sp=0x000000d059bfc770
Event: 1.928 Thread 0x000002aeec2164f0 DEOPT UNPACKING pc=0x000002aed8c846a2 sp=0x000000d059bfc6b0 mode 2
Event: 1.996 Thread 0x000002aeec2164f0 Uncommon trap: trap_request=0xffffffcc fr.pc=0x000002aed931f67c relative=0x000000000000033c
Event: 1.996 Thread 0x000002aeec2164f0 Uncommon trap: reason=intrinsic_or_type_checked_inlining action=make_not_entrant pc=0x000002aed931f67c method=java.util.Arrays.copyOf([Ljava/lang/Object;ILjava/lang/Class;)[Ljava/lang/Object; @ 35 c2
Event: 1.996 Thread 0x000002aeec2164f0 DEOPT PACKING pc=0x000002aed931f67c sp=0x000000d059bfce40
Event: 1.996 Thread 0x000002aeec2164f0 DEOPT UNPACKING pc=0x000002aed8c846a2 sp=0x000000d059bfcde8 mode 2
Event: 2.013 Thread 0x000002aeec2164f0 DEOPT PACKING pc=0x000002aed1b6238a sp=0x000000d059bfd470
Event: 2.013 Thread 0x000002aeec2164f0 DEOPT UNPACKING pc=0x000002aed8c84e42 sp=0x000000d059bfc980 mode 0
Event: 2.118 Thread 0x000002aeec2164f0 DEOPT PACKING pc=0x000002aed1b62369 sp=0x000000d059bf63e0
Event: 2.118 Thread 0x000002aeec2164f0 DEOPT UNPACKING pc=0x000002aed8c84e42 sp=0x000000d059bf58f0 mode 0
Event: 2.150 Thread 0x000002aeec2164f0 DEOPT PACKING pc=0x000002aed1b62369 sp=0x000000d059bfa4b0
Event: 2.150 Thread 0x000002aeec2164f0 DEOPT UNPACKING pc=0x000002aed8c84e42 sp=0x000000d059bf99c0 mode 0
Event: 2.165 Thread 0x000002aeec2164f0 DEOPT PACKING pc=0x000002aed1b62369 sp=0x000000d059bfc420
Event: 2.165 Thread 0x000002aeec2164f0 DEOPT UNPACKING pc=0x000002aed8c84e42 sp=0x000000d059bfb930 mode 0

Classes loaded (20 events):
Event: 2.011 Loading class java/lang/invoke/BoundMethodHandle$Species_LLLLLLLLLLLLLLLLLLLLLL
Event: 2.011 Loading class java/lang/invoke/BoundMethodHandle$Species_LLLLLLLLLLLLLLLLLLLLLL done
Event: 2.012 Loading class java/lang/invoke/BoundMethodHandle$Species_LLLLLLLLLLLLLLLLLLLLLLL
Event: 2.012 Loading class java/lang/invoke/BoundMethodHandle$Species_LLLLLLLLLLLLLLLLLLLLLLL done
Event: 2.041 Loading class java/util/Collections$2
Event: 2.041 Loading class java/util/Collections$2 done
Event: 2.125 Loading class java/util/function/LongFunction
Event: 2.125 Loading class java/util/function/LongFunction done
Event: 2.145 Loading class java/lang/management/MemoryType
Event: 2.146 Loading class java/lang/management/MemoryType done
Event: 2.146 Loading class java/lang/management/MemoryUsage
Event: 2.146 Loading class java/lang/management/MemoryUsage done
Event: 2.146 Loading class java/util/concurrent/LinkedBlockingDeque$Node
Event: 2.146 Loading class java/util/concurrent/LinkedBlockingDeque$Node done
Event: 2.195 Loading class java/security/InvalidKeyException
Event: 2.195 Loading class java/security/KeyException
Event: 2.195 Loading class java/security/KeyException done
Event: 2.195 Loading class java/security/InvalidKeyException done
Event: 2.244 Loading class java/util/regex/Pattern$Dollar
Event: 2.244 Loading class java/util/regex/Pattern$Dollar done

Classes unloaded (0 events):
No events

Classes redefined (0 events):
No events

Internal exceptions (20 events):
Event: 1.928 Thread 0x000002aeec2164f0 Implicit null exception at 0x000002aed91f5de6 to 0x000002aed91f5e86
Event: 1.946 Thread 0x000002aeec2164f0 Exception <a 'java/lang/NoSuchMethodError'{0x0000000082bc4a80}: 'int java.lang.invoke.DirectMethodHandle$Holder.invokeStatic(java.lang.Object, java.lang.Object, java.lang.Object, java.lang.Object)'> (0x0000000082bc4a80) 
thrown [s\src\hotspot\share\interpreter\linkResolver.cpp, line 784]
Event: 1.992 Thread 0x000002aeec2164f0 Exception <a 'java/lang/NoSuchMethodError'{0x00000000829a1e50}: 'java.lang.Object java.lang.invoke.DelegatingMethodHandle$Holder.reinvoke_L(java.lang.Object, java.lang.Object, java.lang.Object, java.lang.Object, java.lang.Object, java.lang.Object, java.lang.Object, java.lang.Object, java.lang.Object, java.lang.Object, java.lang.Object, java.lang.Object, java.lang.Object, java.lang.Object, java.lang.Object, java.lang.Object, java.lang.Object, java.lang.Object, java.lang.Object, java.lang.Object, java.lang.O
Event: 1.998 Thread 0x000002aeec2164f0 Exception <a 'java/lang/NoSuchMethodError'{0x000000008280ee88}: 'java.lang.Object java.lang.invoke.DirectMethodHandle$Holder.invokeStatic(java.lang.Object, java.lang.Object, java.lang.Object, java.lang.Object, java.lang.Object, java.lang.Object, java.lang.Object, java.lang.Object, java.lang.Object, java.lang.Object, java.lang.Object, java.lang.Object, java.lang.Object, java.lang.Object, java.lang.Object, java.lang.Object, java.lang.Object)'> (0x000000008280ee88) 
thrown [s\src\hotspot\share\interpreter\lin
Event: 2.000 Thread 0x000002aeec2164f0 Exception <a 'java/lang/NoSuchMethodError'{0x00000000828377e8}: 'java.lang.Object java.lang.invoke.DirectMethodHandle$Holder.invokeStatic(java.lang.Object, java.lang.Object, java.lang.Object, java.lang.Object, java.lang.Object, java.lang.Object, java.lang.Object, java.lang.Object, java.lang.Object, java.lang.Object, java.lang.Object, java.lang.Object, java.lang.Object, java.lang.Object, java.lang.Object, java.lang.Object, java.lang.Object, java.lang.Object)'> (0x00000000828377e8) 
thrown [s\src\hotspot\sha
Event: 2.002 Thread 0x000002aeec2164f0 Exception <a 'java/lang/NoSuchMethodError'{0x0000000082862308}: 'java.lang.Object java.lang.invoke.DirectMethodHandle$Holder.invokeStatic(java.lang.Object, java.lang.Object, java.lang.Object, java.lang.Object, java.lang.Object, java.lang.Object, java.lang.Object, java.lang.Object, java.lang.Object, java.lang.Object, java.lang.Object, java.lang.Object, java.lang.Object, java.lang.Object, java.lang.Object, java.lang.Object, java.lang.Object, java.lang.Object, java.lang.Object)'> (0x0000000082862308) 
thrown 
Event: 2.004 Thread 0x000002aeec2164f0 Exception <a 'java/lang/NoSuchMethodError'{0x000000008288d3a0}: 'java.lang.Object java.lang.invoke.DirectMethodHandle$Holder.invokeStatic(java.lang.Object, java.lang.Object, java.lang.Object, java.lang.Object, java.lang.Object, java.lang.Object, java.lang.Object, java.lang.Object, java.lang.Object, java.lang.Object, java.lang.Object, java.lang.Object, java.lang.Object, java.lang.Object, java.lang.Object, java.lang.Object, java.lang.Object, java.lang.Object, java.lang.Object, java.lang.Object)'> (0x00000000
Event: 2.006 Thread 0x000002aeec2164f0 Exception <a 'java/lang/NoSuchMethodError'{0x00000000828baa50}: 'java.lang.Object java.lang.invoke.DirectMethodHandle$Holder.invokeStatic(java.lang.Object, java.lang.Object, java.lang.Object, java.lang.Object, java.lang.Object, java.lang.Object, java.lang.Object, java.lang.Object, java.lang.Object, java.lang.Object, java.lang.Object, java.lang.Object, java.lang.Object, java.lang.Object, java.lang.Object, java.lang.Object, java.lang.Object, java.lang.Object, java.lang.Object, java.lang.Object, java.lang.Obj
Event: 2.008 Thread 0x000002aeec2164f0 Exception <a 'java/lang/NoSuchMethodError'{0x00000000828e7d78}: 'java.lang.Object java.lang.invoke.DirectMethodHandle$Holder.invokeStatic(java.lang.Object, java.lang.Object, java.lang.Object, java.lang.Object, java.lang.Object, java.lang.Object, java.lang.Object, java.lang.Object, java.lang.Object, java.lang.Object, java.lang.Object, java.lang.Object, java.lang.Object, java.lang.Object, java.lang.Object, java.lang.Object, java.lang.Object, java.lang.Object, java.lang.Object, java.lang.Object, java.lang.Obj
Event: 2.009 Thread 0x000002aeec2164f0 Exception <a 'java/lang/NoSuchMethodError'{0x0000000082715fb0}: 'java.lang.Object java.lang.invoke.DirectMethodHandle$Holder.invokeStatic(java.lang.Object, java.lang.Object, java.lang.Object, java.lang.Object, java.lang.Object, java.lang.Object, java.lang.Object, java.lang.Object, java.lang.Object, java.lang.Object, java.lang.Object, java.lang.Object, java.lang.Object, java.lang.Object, java.lang.Object, java.lang.Object, java.lang.Object, java.lang.Object, java.lang.Object, java.lang.Object, java.lang.Obj
Event: 2.010 Thread 0x000002aeec2164f0 Exception <a 'java/lang/NoSuchMethodError'{0x0000000082744cb0}: 'java.lang.Object java.lang.invoke.DirectMethodHandle$Holder.invokeStatic(java.lang.Object, java.lang.Object, java.lang.Object, java.lang.Object, java.lang.Object, java.lang.Object, java.lang.Object, java.lang.Object, java.lang.Object, java.lang.Object, java.lang.Object, java.lang.Object, java.lang.Object, java.lang.Object, java.lang.Object, java.lang.Object, java.lang.Object, java.lang.Object, java.lang.Object, java.lang.Object, java.lang.Obj
Event: 2.012 Thread 0x000002aeec2164f0 Exception <a 'java/lang/NoSuchMethodError'{0x0000000082774948}: 'java.lang.Object java.lang.invoke.DirectMethodHandle$Holder.invokeStatic(java.lang.Object, java.lang.Object, java.lang.Object, java.lang.Object, java.lang.Object, java.lang.Object, java.lang.Object, java.lang.Object, java.lang.Object, java.lang.Object, java.lang.Object, java.lang.Object, java.lang.Object, java.lang.Object, java.lang.Object, java.lang.Object, java.lang.Object, java.lang.Object, java.lang.Object, java.lang.Object, java.lang.Obj
Event: 2.012 Thread 0x000002aeec2164f0 Exception <a 'java/lang/NoSuchMethodError'{0x00000000827a5ae8}: 'java.lang.Object java.lang.invoke.DirectMethodHandle$Holder.invokeStatic(java.lang.Object, java.lang.Object, java.lang.Object, java.lang.Object, java.lang.Object, java.lang.Object, java.lang.Object, java.lang.Object, java.lang.Object, java.lang.Object, java.lang.Object, java.lang.Object, java.lang.Object, java.lang.Object, java.lang.Object, java.lang.Object, java.lang.Object, java.lang.Object, java.lang.Object, java.lang.Object, java.lang.Obj
Event: 2.032 Thread 0x000002aeec2164f0 Exception <a 'java/lang/IncompatibleClassChangeError'{0x00000000826c4b70}: Found class java.lang.Object, but interface was expected> (0x00000000826c4b70) 
thrown [s\src\hotspot\share\interpreter\linkResolver.cpp, line 851]
Event: 2.231 Thread 0x000002aeec2164f0 Exception <a 'java/lang/IncompatibleClassChangeError'{0x0000000081b454d0}: Found class java.lang.Object, but interface was expected> (0x0000000081b454d0) 
thrown [s\src\hotspot\share\interpreter\linkResolver.cpp, line 851]
Event: 2.237 Thread 0x000002aeec2164f0 Exception <a 'java/lang/NoSuchMethodError'{0x0000000081b6e180}: 'java.lang.Object java.lang.invoke.DirectMethodHandle$Holder.newInvokeSpecial(java.lang.Object, java.lang.Object, java.lang.Object, java.lang.Object, java.lang.Object, java.lang.Object, java.lang.Object, java.lang.Object, java.lang.Object, java.lang.Object)'> (0x0000000081b6e180) 
thrown [s\src\hotspot\share\interpreter\linkResolver.cpp, line 784]
Event: 2.253 Thread 0x000002aeec2164f0 Exception <a 'java/lang/NoSuchMethodError'{0x0000000081a67eb8}: 'java.lang.Object java.lang.invoke.DirectMethodHandle$Holder.newInvokeSpecial(java.lang.Object, java.lang.Object, java.lang.Object, java.lang.Object, java.lang.Object, java.lang.Object, java.lang.Object, java.lang.Object)'> (0x0000000081a67eb8) 
thrown [s\src\hotspot\share\interpreter\linkResolver.cpp, line 784]
Event: 2.264 Thread 0x000002aeec2164f0 Exception <a 'java/lang/NoSuchMethodError'{0x0000000081ae04a0}: 'int java.lang.invoke.DirectMethodHandle$Holder.invokeStaticInit(java.lang.Object, java.lang.Object, java.lang.Object)'> (0x0000000081ae04a0) 
thrown [s\src\hotspot\share\interpreter\linkResolver.cpp, line 784]
Event: 2.322 Thread 0x000002aeec2164f0 Exception <a 'java/lang/NoSuchMethodError'{0x0000000081439970}: 'java.lang.Object java.lang.invoke.DirectMethodHandle$Holder.invokeVirtual(java.lang.Object, java.lang.Object, java.lang.Object, java.lang.Object, java.lang.Object, java.lang.Object, java.lang.Object, java.lang.Object, java.lang.Object, java.lang.Object, java.lang.Object, java.lang.Object, java.lang.Object, java.lang.Object, java.lang.Object, java.lang.Object, java.lang.Object, java.lang.Object, java.lang.Object, java.lang.Object, java.lang.Ob
Event: 2.327 Thread 0x000002aeec2164f0 Exception <a 'java/lang/NoSuchMethodError'{0x00000000814ad9a0}: 'java.lang.Object java.lang.invoke.DirectMethodHandle$Holder.invokeSpecial(java.lang.Object, java.lang.Object, java.lang.Object, java.lang.Object, java.lang.Object, java.lang.Object, java.lang.Object, java.lang.Object, java.lang.Object, java.lang.Object, java.lang.Object, java.lang.Object, java.lang.Object, java.lang.Object, java.lang.Object, java.lang.Object, java.lang.Object, java.lang.Object, java.lang.Object, java.lang.Object, java.lang.Ob

ZGC Phase Switch (0 events):
No events

VM Operations (20 events):
Event: 1.240 Executing VM operation: HandshakeAllThreads (Deoptimize) done
Event: 1.302 Executing VM operation: HandshakeAllThreads (Deoptimize)
Event: 1.302 Executing VM operation: HandshakeAllThreads (Deoptimize) done
Event: 1.358 Executing VM operation: HandshakeAllThreads (Deoptimize)
Event: 1.358 Executing VM operation: HandshakeAllThreads (Deoptimize) done
Event: 1.467 Executing VM operation: CollectForMetadataAllocation (Metadata GC Threshold)
Event: 1.472 Executing VM operation: CollectForMetadataAllocation (Metadata GC Threshold) done
Event: 1.477 Executing VM operation: G1PauseRemark
Event: 1.479 Executing VM operation: G1PauseRemark done
Event: 1.481 Executing VM operation: G1PauseCleanup
Event: 1.484 Executing VM operation: G1PauseCleanup done
Event: 1.783 Executing VM operation: HandshakeAllThreads (Deoptimize)
Event: 1.783 Executing VM operation: HandshakeAllThreads (Deoptimize) done
Event: 2.019 Executing VM operation: HandshakeAllThreads (Deoptimize)
Event: 2.019 Executing VM operation: HandshakeAllThreads (Deoptimize) done
Event: 2.019 Executing VM operation: HandshakeAllThreads (Deoptimize)
Event: 2.019 Executing VM operation: HandshakeAllThreads (Deoptimize) done
Event: 2.070 Executing VM operation: ICBufferFull
Event: 2.070 Executing VM operation: ICBufferFull done
Event: 2.338 Executing VM operation: G1CollectForAllocation (G1 Evacuation Pause)

Memory protections (0 events):
No events

Nmethod flushes (0 events):
No events

Events (20 events):
Event: 0.265 Loaded shared library C:\Program Files\Android\Android Studio1\jbr\bin\jimage.dll
Event: 0.267 Thread 0x000002aee62c8220 Thread added: 0x000002aee68acd30
Event: 0.471 Loaded shared library C:\Users\fqq7f\.gradle\native\c067742578af261105cb4f569cf0c3c89f3d7b1fecec35dd04571415982c5e48\windows-amd64\native-platform.dll
Event: 0.483 Loaded shared library C:\Users\fqq7f\.gradle\native\100fb08df4bc3b14c8652ba06237920a3bd2aa13389f12d3474272988ae205f9\windows-amd64\native-platform-file-events.dll
Event: 1.099 Loaded shared library C:\Program Files\Android\Android Studio1\jbr\bin\management.dll
Event: 1.103 Loaded shared library C:\Program Files\Android\Android Studio1\jbr\bin\management_ext.dll
Event: 1.133 Thread 0x000002aecc3705d0 Thread added: 0x000002aeebfac450
Event: 1.253 Loaded shared library C:\Program Files\Android\Android Studio1\jbr\bin\extnet.dll
Event: 1.275 Thread 0x000002aecc3705d0 Thread added: 0x000002aeec08f4c0
Event: 1.330 Thread 0x000002aecc3705d0 Thread added: 0x000002aeec1c6560
Event: 1.383 Thread 0x000002aeec08f4c0 Thread added: 0x000002aeec32da20
Event: 1.385 Thread 0x000002aeec32da20 Thread added: 0x000002aeec32e090
Event: 1.426 Thread 0x000002aeec32da20 Thread added: 0x000002aeec214420
Event: 1.432 Thread 0x000002aeec32da20 Thread added: 0x000002aeec2164f0
Event: 1.443 Thread 0x000002aeec2164f0 Thread added: 0x000002aeec2157d0
Event: 1.448 Thread 0x000002aeec2164f0 Thread added: 0x000002aeec213070
Event: 1.451 Thread 0x000002aeec2164f0 Thread added: 0x000002aeec213700
Event: 1.783 Thread 0x000002aeec2164f0 Thread added: 0x000002aeec213d90
Event: 1.794 Thread 0x000002aeec2164f0 Thread added: 0x000002aeec215e60
Event: 1.825 Thread 0x000002aeec2164f0 Thread added: 0x000002aeec215140


Dynamic libraries:
0x00007ff648830000 - 0x00007ff64883a000 	C:\Program Files\Android\Android Studio1\jbr\bin\java.exe
0x00007ffcbc6b0000 - 0x00007ffcbc8c7000 	C:\Windows\SYSTEM32\ntdll.dll
0x00007ffcbb680000 - 0x00007ffcbb744000 	C:\Windows\System32\KERNEL32.DLL
0x00007ffcb9d90000 - 0x00007ffcba163000 	C:\Windows\System32\KERNELBASE.dll
0x00007ffcb9a50000 - 0x00007ffcb9b61000 	C:\Windows\System32\ucrtbase.dll
0x00007ffcb5be0000 - 0x00007ffcb5bf8000 	C:\Program Files\Android\Android Studio1\jbr\bin\jli.dll
0x00007ffc98170000 - 0x00007ffc9818b000 	C:\Program Files\Android\Android Studio1\jbr\bin\VCRUNTIME140.dll
0x00007ffcba9c0000 - 0x00007ffcbab71000 	C:\Windows\System32\USER32.dll
0x00007ffcb9a20000 - 0x00007ffcb9a46000 	C:\Windows\System32\win32u.dll
0x00007ffca74a0000 - 0x00007ffca7738000 	C:\Windows\WinSxS\amd64_microsoft.windows.common-controls_6595b64144ccf1df_6.0.22621.5124_none_270e8f4f7386d69d\COMCTL32.dll
0x00007ffcbc210000 - 0x00007ffcbc239000 	C:\Windows\System32\GDI32.dll
0x00007ffcb9c70000 - 0x00007ffcb9d8b000 	C:\Windows\System32\gdi32full.dll
0x00007ffcbb8b0000 - 0x00007ffcbb957000 	C:\Windows\System32\msvcrt.dll
0x00007ffcba2b0000 - 0x00007ffcba34a000 	C:\Windows\System32\msvcp_win.dll
0x00007ffcbb180000 - 0x00007ffcbb1b1000 	C:\Windows\System32\IMM32.DLL
0x00007ffc9bd50000 - 0x00007ffc9bd5c000 	C:\Program Files\Android\Android Studio1\jbr\bin\vcruntime140_1.dll
0x00007ffc9b140000 - 0x00007ffc9b1cd000 	C:\Program Files\Android\Android Studio1\jbr\bin\msvcp140.dll
0x00007ffc74c90000 - 0x00007ffc75913000 	C:\Program Files\Android\Android Studio1\jbr\bin\server\jvm.dll
0x00007ffcbab80000 - 0x00007ffcbac31000 	C:\Windows\System32\ADVAPI32.dll
0x00007ffcbc450000 - 0x00007ffcbc4f8000 	C:\Windows\System32\sechost.dll
0x00007ffcb9930000 - 0x00007ffcb9958000 	C:\Windows\System32\bcrypt.dll
0x00007ffcbc550000 - 0x00007ffcbc664000 	C:\Windows\System32\RPCRT4.dll
0x00007ffcbc330000 - 0x00007ffcbc3a1000 	C:\Windows\System32\WS2_32.dll
0x00007ffcb66a0000 - 0x00007ffcb66d4000 	C:\Windows\SYSTEM32\WINMM.dll
0x00007ffcb9690000 - 0x00007ffcb96dd000 	C:\Windows\SYSTEM32\POWRPROF.dll
0x00007ffcabcb0000 - 0x00007ffcabcba000 	C:\Windows\SYSTEM32\VERSION.dll
0x00007ffcb9670000 - 0x00007ffcb9683000 	C:\Windows\SYSTEM32\UMPDC.dll
0x00007ffcb8750000 - 0x00007ffcb8768000 	C:\Windows\SYSTEM32\kernel.appcore.dll
0x00007ffc9bc20000 - 0x00007ffc9bc2a000 	C:\Program Files\Android\Android Studio1\jbr\bin\jimage.dll
0x00007ffcb70e0000 - 0x00007ffcb7312000 	C:\Windows\SYSTEM32\DBGHELP.DLL
0x00007ffcbacb0000 - 0x00007ffcbb042000 	C:\Windows\System32\combase.dll
0x00007ffcbc250000 - 0x00007ffcbc327000 	C:\Windows\System32\OLEAUT32.dll
0x00007ffcad6b0000 - 0x00007ffcad6e2000 	C:\Windows\SYSTEM32\dbgcore.DLL
0x00007ffcb9bf0000 - 0x00007ffcb9c6b000 	C:\Windows\System32\bcryptPrimitives.dll
0x00007ffcaeb00000 - 0x00007ffcaeb0e000 	C:\Program Files\Android\Android Studio1\jbr\bin\instrument.dll
0x00007ffc98150000 - 0x00007ffc98170000 	C:\Program Files\Android\Android Studio1\jbr\bin\java.dll
0x00007ffc98130000 - 0x00007ffc98148000 	C:\Program Files\Android\Android Studio1\jbr\bin\zip.dll
0x00007ffcbb970000 - 0x00007ffcbc206000 	C:\Windows\System32\SHELL32.dll
0x00007ffcba170000 - 0x00007ffcba2af000 	C:\Windows\System32\wintypes.dll
0x00007ffcb7690000 - 0x00007ffcb7faa000 	C:\Windows\SYSTEM32\windows.storage.dll
0x00007ffcbb500000 - 0x00007ffcbb60a000 	C:\Windows\System32\SHCORE.dll
0x00007ffcbb610000 - 0x00007ffcbb673000 	C:\Windows\System32\shlwapi.dll
0x00007ffcb96f0000 - 0x00007ffcb971b000 	C:\Windows\SYSTEM32\profapi.dll
0x00007ffc9bdb0000 - 0x00007ffc9bdc0000 	C:\Program Files\Android\Android Studio1\jbr\bin\net.dll
0x00007ffcb02c0000 - 0x00007ffcb03ec000 	C:\Windows\SYSTEM32\WINHTTP.dll
0x00007ffcb8c40000 - 0x00007ffcb8caa000 	C:\Windows\system32\mswsock.dll
0x00007ffc9bd90000 - 0x00007ffc9bda6000 	C:\Program Files\Android\Android Studio1\jbr\bin\nio.dll
0x00007ffc982c0000 - 0x00007ffc982d0000 	C:\Program Files\Android\Android Studio1\jbr\bin\verify.dll
0x00007ffcaea90000 - 0x00007ffcaeab7000 	C:\Users\fqq7f\.gradle\native\c067742578af261105cb4f569cf0c3c89f3d7b1fecec35dd04571415982c5e48\windows-amd64\native-platform.dll
0x00007ffc98f90000 - 0x00007ffc990d4000 	C:\Users\fqq7f\.gradle\native\100fb08df4bc3b14c8652ba06237920a3bd2aa13389f12d3474272988ae205f9\windows-amd64\native-platform-file-events.dll
0x00007ffc9b920000 - 0x00007ffc9b929000 	C:\Program Files\Android\Android Studio1\jbr\bin\management.dll
0x00007ffc9acd0000 - 0x00007ffc9acdb000 	C:\Program Files\Android\Android Studio1\jbr\bin\management_ext.dll
0x00007ffcba350000 - 0x00007ffcba358000 	C:\Windows\System32\PSAPI.DLL
0x00007ffcb8ea0000 - 0x00007ffcb8ebb000 	C:\Windows\SYSTEM32\CRYPTSP.dll
0x00007ffcb8710000 - 0x00007ffcb8747000 	C:\Windows\system32\rsaenh.dll
0x00007ffcb8d40000 - 0x00007ffcb8d68000 	C:\Windows\SYSTEM32\USERENV.dll
0x00007ffcb8ec0000 - 0x00007ffcb8ecc000 	C:\Windows\SYSTEM32\CRYPTBASE.dll
0x00007ffcb8210000 - 0x00007ffcb823d000 	C:\Windows\SYSTEM32\IPHLPAPI.DLL
0x00007ffcbb960000 - 0x00007ffcbb969000 	C:\Windows\System32\NSI.dll
0x00007ffc9bd80000 - 0x00007ffc9bd89000 	C:\Program Files\Android\Android Studio1\jbr\bin\extnet.dll
0x00007ffc81aa0000 - 0x00007ffc81aa8000 	C:\Windows\system32\wshunix.dll

dbghelp: loaded successfully - version: 4.0.5 - missing functions: none
symbol engine: initialized successfully - sym options: 0x614 - pdb path: .;C:\Program Files\Android\Android Studio1\jbr\bin;C:\Windows\SYSTEM32;C:\Windows\WinSxS\amd64_microsoft.windows.common-controls_6595b64144ccf1df_6.0.22621.5124_none_270e8f4f7386d69d;C:\Program Files\Android\Android Studio1\jbr\bin\server;C:\Users\fqq7f\.gradle\native\c067742578af261105cb4f569cf0c3c89f3d7b1fecec35dd04571415982c5e48\windows-amd64;C:\Users\fqq7f\.gradle\native\100fb08df4bc3b14c8652ba06237920a3bd2aa13389f12d3474272988ae205f9\windows-amd64

VM Arguments:
jvm_args: --add-opens=java.base/java.util=ALL-UNNAMED --add-opens=java.base/java.lang=ALL-UNNAMED --add-opens=java.base/java.lang.invoke=ALL-UNNAMED --add-opens=java.prefs/java.util.prefs=ALL-UNNAMED --add-exports=jdk.compiler/com.sun.tools.javac.api=ALL-UNNAMED --add-exports=jdk.compiler/com.sun.tools.javac.util=ALL-UNNAMED --add-opens=java.base/java.nio.charset=ALL-UNNAMED --add-opens=java.base/java.net=ALL-UNNAMED --add-opens=java.base/java.util.concurrent.atomic=ALL-UNNAMED -Xmx2048m -Dfile.encoding=UTF-8 -Duser.country=IN -Duser.language=en -Duser.variant -javaagent:C:\Users\fqq7f\.gradle\wrapper\dists\gradle-8.10.2-bin\a04bxjujx95o3nb99gddekhwo\gradle-8.10.2\lib\agents\gradle-instrumentation-agent-8.10.2.jar 
java_command: org.gradle.launcher.daemon.bootstrap.GradleDaemon 8.10.2
java_class_path (initial): C:\Users\fqq7f\.gradle\wrapper\dists\gradle-8.10.2-bin\a04bxjujx95o3nb99gddekhwo\gradle-8.10.2\lib\gradle-daemon-main-8.10.2.jar
Launcher Type: SUN_STANDARD

[Global flags]
     intx CICompilerCount                          = 4                                         {product} {ergonomic}
     uint ConcGCThreads                            = 3                                         {product} {ergonomic}
     uint G1ConcRefinementThreads                  = 10                                        {product} {ergonomic}
   size_t G1HeapRegionSize                         = 1048576                                   {product} {ergonomic}
    uintx GCDrainStackTargetSize                   = 64                                        {product} {ergonomic}
   size_t InitialHeapSize                          = 130023424                                 {product} {ergonomic}
   size_t MarkStackSize                            = 4194304                                   {product} {ergonomic}
   size_t MaxHeapSize                              = 2147483648                                {product} {command line}
   size_t MaxNewSize                               = 1287651328                                {product} {ergonomic}
   size_t MinHeapDeltaBytes                        = 1048576                                   {product} {ergonomic}
   size_t MinHeapSize                              = 8388608                                   {product} {ergonomic}
    uintx NonNMethodCodeHeapSize                   = 5839372                                {pd product} {ergonomic}
    uintx NonProfiledCodeHeapSize                  = 122909434                              {pd product} {ergonomic}
    uintx ProfiledCodeHeapSize                     = 122909434                              {pd product} {ergonomic}
    uintx ReservedCodeCacheSize                    = 251658240                              {pd product} {ergonomic}
     bool SegmentedCodeCache                       = true                                      {product} {ergonomic}
   size_t SoftMaxHeapSize                          = 2147483648                             {manageable} {ergonomic}
     bool UseCompressedOops                        = true                           {product lp64_product} {ergonomic}
     bool UseG1GC                                  = true                                      {product} {ergonomic}
     bool UseLargePagesIndividualAllocation        = false                                  {pd product} {ergonomic}

Logging:
Log output configuration:
 #0: stdout all=warning uptime,level,tags foldmultilines=false
 #1: stderr all=off uptime,level,tags foldmultilines=false

Environment Variables:
JAVA_HOME=C:\Program Files\Java\jdk-21
PATH=C:\Program Files\Common Files\Oracle\Java\javapath;C:\Windows\system32;C:\Windows;C:\Windows\System32\Wbem;C:\Windows\System32\WindowsPowerShell\v1.0\;C:\Windows\System32\OpenSSH\;C:\Program Files\dotnet\;C:\Program Files\Java\jdk1.7.0_11\bin;C:\Program Files\Git\cmd;C:\Gradle\gradle-8.10.2\bin;C:\Program Files\Common Files\Oracle\Java\javapath;C:\Windows\system32;C:\Windows;C:\Windows\System32\Wbem;C:\Windows\System32\WindowsPowerShell\v1.0\;C:\Windows\System32\OpenSSH\;C:\Program Files\dotnet\;C:\Program Files\Java\jdk1.7.0_11\bin;C:\Program Files\Git\cmd;C:\Users\fqq7f\AppData\Local\Microsoft\WindowsApps;C:\Users\fqq7f\AppData\Local\Programs\Microsoft VS Code\bin
USERNAME=fqq7f
OS=Windows_NT
PROCESSOR_IDENTIFIER=Intel64 Family 6 Model 186 Stepping 3, GenuineIntel
TMP=C:\Users\fqq7f\AppData\Local\Temp
TEMP=C:\Users\fqq7f\AppData\Local\Temp




Periodic native trim disabled

JNI global refs:
JNI global refs: 24, weak refs: 0

JNI global refs memory usage: 835, weak refs: 833

Process memory usage:
Resident Set Size: 211696K (2% of 8065744K total physical memory with 398136K free physical memory)

OOME stack traces (most recent first):
Classloader memory used:
Loader bootstrap                                                                       : 16722K
Loader org.gradle.internal.classloader.VisitableURLClassLoader                         : 11319K
Loader org.gradle.initialization.MixInLegacyTypesClassLoader                           : 1437K
Loader jdk.internal.loader.ClassLoaders$AppClassLoader                                 : 234K
Loader jdk.internal.loader.ClassLoaders$PlatformClassLoader                            : 134K
Loader jdk.internal.reflect.DelegatingClassLoader                                      : 37752B

Classes loaded by more than one classloader:
Class org.gradle.internal.classloader.FilteringClassLoader                            : loaded 2 times (x 101B)
Class org.gradle.internal.classloader.ClassLoaderHierarchy                            : loaded 2 times (x 66B)
Class org.gradle.api.internal.classpath.ManifestUtil                                  : loaded 2 times (x 67B)
Class org.gradle.internal.classloader.DefaultClassLoaderFactory                       : loaded 2 times (x 78B)
Class org.gradle.internal.classloader.ClassLoaderVisitor                              : loaded 2 times (x 72B)
Class org.gradle.api.internal.classpath.EffectiveClassPath                            : loaded 2 times (x 86B)
Class org.gradle.api.internal.DefaultClassPathProvider                                : loaded 2 times (x 72B)
Class [Lorg.gradle.api.internal.ClassPathProvider;                                    : loaded 2 times (x 65B)
Class org.gradle.api.internal.ClassPathProvider                                       : loaded 2 times (x 66B)
Class org.gradle.internal.service.UnknownServiceException                             : loaded 2 times (x 79B)
Class org.gradle.internal.classpath.TransformedClassPath                              : loaded 2 times (x 92B)
Class org.gradle.internal.classloader.InstrumentingClassLoader                        : loaded 2 times (x 66B)
Class org.gradle.internal.service.ServiceLocator                                      : loaded 2 times (x 66B)
Class org.gradle.internal.InternalTransformer                                         : loaded 2 times (x 66B)
Class org.gradle.internal.classloader.ClasspathUtil$1                                 : loaded 2 times (x 72B)
Class org.gradle.api.internal.classpath.DefaultModuleRegistry$DefaultModule           : loaded 2 times (x 82B)
Class org.gradle.api.internal.classpath.Module                                        : loaded 2 times (x 66B)
Class org.gradle.api.internal.classpath.UnknownModuleException                        : loaded 2 times (x 78B)
Class org.gradle.api.internal.DefaultClassPathRegistry                                : loaded 2 times (x 72B)
Class org.gradle.api.internal.ClassPathRegistry                                       : loaded 2 times (x 66B)
Class org.gradle.internal.classpath.DefaultClassPath$ImmutableUniqueList              : loaded 2 times (x 195B)
Class org.gradle.internal.classpath.ClassPath                                         : loaded 2 times (x 66B)
Class org.gradle.api.UncheckedIOException                                             : loaded 2 times (x 78B)
Class org.gradle.internal.installation.GradleInstallation$1                           : loaded 2 times (x 71B)
Class org.gradle.api.internal.classpath.ModuleRegistry                                : loaded 2 times (x 66B)
Class org.gradle.api.internal.classpath.DefaultModuleRegistry                         : loaded 2 times (x 82B)
Class org.gradle.internal.service.ServiceLookupException                              : loaded 2 times (x 78B)
Class org.gradle.internal.classloader.ClassLoaderFactory                              : loaded 2 times (x 66B)
Class org.gradle.internal.service.CachingServiceLocator                               : loaded 2 times (x 78B)
Class org.gradle.internal.classloader.ClasspathUtil                                   : loaded 2 times (x 67B)
Class org.gradle.api.specs.Spec                                                       : loaded 2 times (x 66B)
Class org.gradle.internal.classloader.VisitableURLClassLoader$InstrumentingVisitableURLClassLoader: loaded 2 times (x 119B)
Class org.gradle.internal.classloader.VisitableURLClassLoader$Spec                    : loaded 2 times (x 70B)
Class org.gradle.internal.classpath.DefaultClassPath                                  : loaded 2 times (x 86B)
Class org.gradle.internal.classloader.ClassLoaderSpec                                 : loaded 2 times (x 67B)
Class org.gradle.internal.classloader.VisitableURLClassLoader                         : loaded 2 times (x 113B)
Class org.gradle.internal.Cast                                                        : loaded 2 times (x 67B)
Class org.gradle.api.Action                                                           : loaded 2 times (x 66B)
Class org.gradle.internal.classpath.DefaultClassPath$ImmutableUniqueList$Builder      : loaded 2 times (x 71B)
Class org.gradle.api.GradleException                                                  : loaded 2 times (x 78B)
Class org.gradle.internal.IoActions                                                   : loaded 2 times (x 67B)
Class org.gradle.internal.classloader.SystemClassLoaderSpec                           : loaded 2 times (x 67B)
Class org.gradle.api.internal.classpath.GlobalCacheRootsProvider                      : loaded 2 times (x 66B)
Class org.gradle.internal.installation.CurrentGradleInstallationLocator               : loaded 2 times (x 67B)
Class org.gradle.internal.service.DefaultServiceLocator                               : loaded 2 times (x 79B)
Class org.gradle.internal.installation.CurrentGradleInstallation                      : loaded 2 times (x 69B)
Class org.gradle.util.internal.GUtil                                                  : loaded 2 times (x 67B)
Class org.gradle.internal.installation.GradleInstallation                             : loaded 2 times (x 71B)

---------------  S Y S T E M  ---------------

OS:
 Windows 11 , 64 bit Build 22621 (10.0.22621.5124)
OS uptime: 4 days 2:16 hours
Hyper-V role detected

CPU: total 12 (initial active 12) (6 cores per cpu, 2 threads per core) family 6 model 186 stepping 3 microcode 0x4123, cx8, cmov, fxsr, ht, mmx, 3dnowpref, sse, sse2, sse3, ssse3, sse4.1, sse4.2, popcnt, lzcnt, tsc, tscinvbit, avx, avx2, aes, erms, clmul, bmi1, bmi2, adx, sha, fma, vzeroupper, clflush, clflushopt, clwb, hv, serialize, rdtscp, rdpid, fsrm, f16c, cet_ibt, cet_ss
Processor Information for all 12 processors :
  Max Mhz: 1300, Current Mhz: 1300, Mhz Limit: 1300

Memory: 4k page, system-wide physical 7876M (388M free)
TotalPageFile size 25421M (AvailPageFile size 15M)
current process WorkingSet (physical memory assigned to process): 206M, peak: 206M
current process commit charge ("private bytes"): 251M, peak: 268M

vm_info: OpenJDK 64-Bit Server VM (21.0.4+-12508038-b607.1) for windows-amd64 JRE (21.0.4+-12508038-b607.1), built on 2024-10-16T17:23:34Z by "builder" with MS VC++ 16.10 / 16.11 (VS2019)

END.
